<?xml version="1.0" encoding="UTF-8"?>
<testng-results ignored="0" total="1" passed="1" failed="0" skipped="0">
  <reporter-output>
  </reporter-output>
  <suite started-at="2025-11-12T00:50:59 IST" name="Surefire suite" finished-at="2025-11-12T00:50:59 IST" duration-ms="46">
    <groups>
    </groups>
    <test started-at="2025-11-12T00:50:59 IST" name="Surefire test" finished-at="2025-11-12T00:50:59 IST" duration-ms="46">
      <class name="assertStudy.NewTest">
        <test-method signature="f()[pri:0, instance:assertStudy.NewTest@3e2e18f2]" started-at="2025-11-12T00:50:59 IST" name="f" finished-at="2025-11-12T00:50:59 IST" duration-ms="9" status="PASS">
          <reporter-output>
          </reporter-output>
        </test-method> <!-- f -->
      </class> <!-- assertStudy.NewTest -->
    </test> <!-- Surefire test -->
  </suite> <!-- Surefire suite -->
</testng-results>
