<?xml version="1.0" encoding="UTF-8"?>
<!-- Generated by org.testng.reporters.JUnitReportReporter -->
<testsuite hostname="DESKTOP-AFKDAUO" failures="0" tests="1" name="runnerFile.HealthInsuranceRunner" time="29.332" errors="0" timestamp="2025-11-12T13:33:08 IST" skipped="0">
  <testcase classname="runnerFile.HealthInsuranceRunner" name="runScenario" time="29.332">
    <system-out>
      <![CDATA[sitting browser aschrome
closing browser]]>
    </system-out>
  </testcase> <!-- runScenario -->
  <system-out>
    <![CDATA[sitting browser aschrome
closing browser]]>
  </system-out>
</testsuite> <!-- runnerFile.HealthInsuranceRunner -->
