<?xml version="1.0" encoding="UTF-8"?>
<!-- Generated by org.testng.reporters.JUnitReportReporter -->
<testsuite hostname="LAPTOP-LJ6M47SE" failures="0" tests="1" name="runnerFile.HealthInsuranceRunner" time="19.808" errors="0" timestamp="2025-11-12T00:46:37 IST" skipped="0">
  <testcase classname="runnerFile.HealthInsuranceRunner" name="runScenario" time="19.808">
    <system-out>
      <![CDATA[sitting browser aschrome
closing browser]]>
    </system-out>
  </testcase> <!-- runScenario -->
  <system-out>
    <![CDATA[sitting browser aschrome
closing browser]]>
  </system-out>
</testsuite> <!-- runnerFile.HealthInsuranceRunner -->
